0 info it worked if it ends with ok
1 verbose cli [ '/usr/bin/node', '/usr/bin/npm', 'view', 'kubeadmin' ]
2 info using npm@3.5.2
3 info using node@v8.10.0
4 verbose config Skipping project config: /home/fabio/.npmrc. (matches userconfig)
5 silly mapToRegistry name kubeadmin
6 silly mapToRegistry using default registry
7 silly mapToRegistry registry https://registry.npmjs.org/
8 silly mapToRegistry uri https://registry.npmjs.org/kubeadmin
9 verbose request uri https://registry.npmjs.org/kubeadmin
10 verbose request no auth needed
11 info attempt registry request try #1 at 1:55:36 PM
12 verbose request id 210433c8f0ca67e7
13 http request GET https://registry.npmjs.org/kubeadmin
14 http 404 https://registry.npmjs.org/kubeadmin
15 verbose headers { date: 'Sat, 23 May 2020 16:55:38 GMT',
15 verbose headers   'content-type': 'application/json',
15 verbose headers   'content-length': '21',
15 verbose headers   connection: 'keep-alive',
15 verbose headers   'set-cookie':
15 verbose headers    [ '__cfduid=dda42751cc45cc508af9ed1e9357f1a881590252937; expires=Mon, 22-Jun-20 16:55:37 GMT; path=/; domain=.npmjs.org; HttpOnly; SameSite=Lax' ],
15 verbose headers   'cf-ray': '59804e3bab7df6bb-GRU',
15 verbose headers   vary: 'Accept-Encoding',
15 verbose headers   'cf-cache-status': 'MISS',
15 verbose headers   'expect-ct': 'max-age=604800, report-uri="https://report-uri.cloudflare.com/cdn-cgi/beacon/expect-ct"',
15 verbose headers   server: 'cloudflare',
15 verbose headers   'cf-request-id': '02e40f39470000f6bb4e29a200000001' }
16 silly get cb [ 404,
16 silly get   { date: 'Sat, 23 May 2020 16:55:38 GMT',
16 silly get     'content-type': 'application/json',
16 silly get     'content-length': '21',
16 silly get     connection: 'keep-alive',
16 silly get     'set-cookie':
16 silly get      [ '__cfduid=dda42751cc45cc508af9ed1e9357f1a881590252937; expires=Mon, 22-Jun-20 16:55:37 GMT; path=/; domain=.npmjs.org; HttpOnly; SameSite=Lax' ],
16 silly get     'cf-ray': '59804e3bab7df6bb-GRU',
16 silly get     vary: 'Accept-Encoding',
16 silly get     'cf-cache-status': 'MISS',
16 silly get     'expect-ct': 'max-age=604800, report-uri="https://report-uri.cloudflare.com/cdn-cgi/beacon/expect-ct"',
16 silly get     server: 'cloudflare',
16 silly get     'cf-request-id': '02e40f39470000f6bb4e29a200000001' } ]
17 verbose stack Error: Not found : kubeadmin
17 verbose stack     at makeError (/usr/share/npm/node_modules/npm-registry-client/lib/request.js:264:12)
17 verbose stack     at CachingRegistryClient.<anonymous> (/usr/share/npm/node_modules/npm-registry-client/lib/request.js:252:14)
17 verbose stack     at Request._callback (/usr/share/npm/node_modules/npm-registry-client/lib/request.js:172:14)
17 verbose stack     at Request.self.callback (/usr/share/npm/node_modules/request/request.js:198:22)
17 verbose stack     at emitTwo (events.js:126:13)
17 verbose stack     at Request.emit (events.js:214:7)
17 verbose stack     at Request.<anonymous> (/usr/share/npm/node_modules/request/request.js:1082:10)
17 verbose stack     at emitOne (events.js:121:20)
17 verbose stack     at Request.emit (events.js:211:7)
17 verbose stack     at IncomingMessage.<anonymous> (/usr/share/npm/node_modules/request/request.js:1009:12)
18 verbose statusCode 404
19 verbose pkgid kubeadmin
20 verbose cwd /home/fabio/projects/estudosdevops/kubeadmin
21 error Linux 5.3.0-53-generic
22 error argv "/usr/bin/node" "/usr/bin/npm" "view" "kubeadmin"
23 error node v8.10.0
24 error npm  v3.5.2
25 error code E404
26 error 404 Not found : kubeadmin
27 error 404
28 error 404 'kubeadmin' is not in the npm registry.
29 error 404 You should bug the author to publish it (or use the name yourself!)
30 error 404 Note that you can also install from a
31 error 404 tarball, folder, http url, or git url.
32 verbose exit [ 1, true ]
